2025-01-09 21:48:39,824 - INFO - å¼€å§‹å¤„ç†URL: https://chromewebstore.google.com/detail/%E5%B1%8F%E5%B9%95%E5%BD%95%E5%83%8F%E6%9C%BA-screen-recorder/hniebljpgcogalllopnjokppmgbhaden
2025-01-09 21:48:39,824 - INFO - å¼€å§‹ä»URLè§£ææ‰©å±•ID: https://chromewebstore.google.com/detail/%E5%B1%8F%E5%B9%95%E5%BD%95%E5%83%8F%E6%9C%BA-screen-recorder/hniebljpgcogalllopnjokppmgbhaden
2025-01-09 21:48:39,824 - INFO - æˆåŠŸæå–æ‰©å±•ID: hniebljpgcogalllopnjokppmgbhaden
2025-01-09 21:48:39,824 - INFO - æ„é€ ä¸‹è½½URL: https://clients2.google.com/service/update2/crx?response=redirect&prodversion=89.0.4389.90&x=id%3Dhniebljpgcogalllopnjokppmgbhaden%26installsource%3Dondemand%26uc
2025-01-09 21:48:39,824 - INFO - å¼€å§‹ä¸‹è½½æ‰©å±•æ–‡ä»¶...
2025-01-09 21:48:40,801 - ERROR - ä¸‹è½½å¤±è´¥ï¼ŒHTTPçŠ¶æ€ç : 204
2025-01-09 21:54:29,770 - INFO - å¼€å§‹å¤„ç†URL: https://chromewebstore.google.com/detail/%E5%B1%8F%E5%B9%95%E5%BD%95%E5%83%8F%E6%9C%BA-screen-recorder/hniebljpgcogalllopnjokppmgbhaden
2025-01-09 21:54:29,770 - INFO - å¼€å§‹ä»URLè§£ææ‰©å±•ID: https://chromewebstore.google.com/detail/%E5%B1%8F%E5%B9%95%E5%BD%95%E5%83%8F%E6%9C%BA-screen-recorder/hniebljpgcogalllopnjokppmgbhaden
2025-01-09 21:54:29,770 - INFO - æˆåŠŸæå–æ‰©å±•ID: hniebljpgcogalllopnjokppmgbhaden
2025-01-09 21:54:29,770 - INFO - æ„é€ ä¸‹è½½URL: https://clients2.google.com/service/update2/crx?response=redirect&os=cros&arch=x86-64&nacl_arch=x86-64&prod=chromiumcrx&prodchannel=unknown&prodversion=9999&x=id%3Dhniebljpgcogalllopnjokppmgbhaden%26uc
2025-01-09 21:54:29,770 - INFO - åˆ›å»ºextension_filesç›®å½•
2025-01-09 21:54:29,770 - INFO - å¼€å§‹ä¸‹è½½æ‰©å±•æ–‡ä»¶...
2025-01-09 21:54:30,755 - ERROR - ä¸‹è½½å¤±è´¥ï¼ŒHTTPçŠ¶æ€ç : 204
2025-01-09 21:55:36,361 - INFO - å¼€å§‹å¤„ç†URL: https://chromewebstore.google.com/detail/%E5%B1%8F%E5%B9%95%E5%BD%95%E5%83%8F%E6%9C%BA-screen-recorder/hniebljpgcogalllopnjokppmgbhaden
2025-01-09 21:55:36,361 - INFO - å¼€å§‹ä»URLè§£ææ‰©å±•ID: https://chromewebstore.google.com/detail/%E5%B1%8F%E5%B9%95%E5%BD%95%E5%83%8F%E6%9C%BA-screen-recorder/hniebljpgcogalllopnjokppmgbhaden
2025-01-09 21:55:36,361 - INFO - æˆåŠŸæå–æ‰©å±•ID: hniebljpgcogalllopnjokppmgbhaden
2025-01-09 21:55:36,361 - INFO - å°è¯•ä¸‹è½½URL: https://clients2.google.com/service/update2/crx?response=redirect&prodversion=89.0.4389.90&x=id%3Dhniebljpgcogalllopnjokppmgbhaden%26installsource%3Dondemand%26uc
2025-01-09 21:55:37,072 - INFO - å°è¯•ä¸‹è½½URL: https://clients2.google.com/service/update2/crx?response=redirect&os=cros&arch=x86-64&nacl_arch=x86-64&prod=chromiumcrx&prodchannel=unknown&prodversion=9999&x=id%3Dhniebljpgcogalllopnjokppmgbhaden%26uc
2025-01-09 21:55:37,724 - INFO - å°è¯•ä¸‹è½½URL: https://clients2.google.com/service/update2/crx?response=redirect&x=id%3Dhniebljpgcogalllopnjokppmgbhaden%26uc
2025-01-09 21:55:38,383 - INFO - å°è¯•ä¸‹è½½URL: https://chrome.google.com/webstore/detail/hniebljpgcogalllopnjokppmgbhaden?hl=en&authuser=0
2025-01-09 21:55:40,723 - INFO - ä¿å­˜æ‰©å±•æ–‡ä»¶åˆ°: extension_files/hniebljpgcogalllopnjokppmgbhaden.crx
2025-01-09 21:55:40,726 - INFO - å°† extension_files/hniebljpgcogalllopnjokppmgbhaden.crx é‡å‘½åä¸º extension_files/hniebljpgcogalllopnjokppmgbhaden.zip
2025-01-09 21:55:40,726 - INFO - å¼€å§‹è§£å‹æ–‡ä»¶åˆ°: extension_files/hniebljpgcogalllopnjokppmgbhaden
2025-01-09 21:55:40,726 - WARNING - ä¸‹è½½çš„æ–‡ä»¶ä¸æ˜¯æœ‰æ•ˆçš„zipæ ¼å¼ï¼Œå°è¯•ä¸‹ä¸€ä¸ªURL
2025-01-09 21:55:40,727 - ERROR - æ‰€æœ‰ä¸‹è½½URLéƒ½å¤±è´¥
2025-01-09 21:56:25,503 - INFO - å¼€å§‹å¤„ç†URL: https://chromewebstore.google.com/detail/%E5%B1%8F%E5%B9%95%E5%BD%95%E5%83%8F%E6%9C%BA-screen-recorder/hniebljpgcogalllopnjokppmgbhaden
2025-01-09 21:56:25,503 - INFO - å¼€å§‹ä»URLè§£ææ‰©å±•ID: https://chromewebstore.google.com/detail/%E5%B1%8F%E5%B9%95%E5%BD%95%E5%83%8F%E6%9C%BA-screen-recorder/hniebljpgcogalllopnjokppmgbhaden
2025-01-09 21:56:25,503 - INFO - æˆåŠŸæå–æ‰©å±•ID: hniebljpgcogalllopnjokppmgbhaden
2025-01-09 21:56:25,503 - INFO - å°è¯•ä¸‹è½½URL: https://clients2.google.com/service/update2/crx?response=redirect&acceptformat=crx2,crx3&prodversion=89.0.4389.90&x=id%3Dhniebljpgcogalllopnjokppmgbhaden%26installsource%3Dondemand%26uc
2025-01-09 21:56:25,503 - INFO - æ­£åœ¨å°è¯•ä¸‹è½½: https://clients2.google.com/service/update2/crx?response=redirect&acceptformat=crx2,crx3&prodversion=89.0.4389.90&x=id%3Dhniebljpgcogalllopnjokppmgbhaden%26installsource%3Dondemand%26uc
2025-01-09 21:56:27,619 - INFO - çŠ¶æ€ç : 200
2025-01-09 21:56:27,619 - INFO - ä¸‹è½½æˆåŠŸï¼Œå†…å®¹é•¿åº¦: 268140 bytes
2025-01-09 21:56:27,619 - INFO - ä¿å­˜æ‰©å±•æ–‡ä»¶åˆ°: extension_files/hniebljpgcogalllopnjokppmgbhaden.crx
2025-01-09 21:56:27,620 - INFO - åˆ é™¤å·²å­˜åœ¨çš„zipæ–‡ä»¶
2025-01-09 21:56:27,620 - INFO - å°† extension_files/hniebljpgcogalllopnjokppmgbhaden.crx é‡å‘½åä¸º extension_files/hniebljpgcogalllopnjokppmgbhaden.zip
2025-01-09 21:56:27,620 - INFO - å¼€å§‹è§£å‹æ–‡ä»¶åˆ°: extension_files/hniebljpgcogalllopnjokppmgbhaden
2025-01-09 21:56:27,645 - INFO - æ‰©å±•ä¸‹è½½å’Œè§£å‹å®Œæˆ
[0;31mé”™è¯¯: è¯·æä¾›æ‰©å±•URL[0m
ç”¨æ³•: ./download_extension.sh <æ‰©å±•URL>
[0;31mé”™è¯¯: è¯·æä¾›æ‰©å±•URL[0m
ç”¨æ³•: ./download_extension.sh <æ‰©å±•URL>
